Start testing: May 02 14:49 MSK
----------------------------------------------------------
2/2 Testing: tests
2/2 Test: tests
Command: "/home/neon/projects/tals/build/libglScreenshotHelperTests/tests"
Directory: /home/neon/projects/tals/build/libglScreenshotHelperTests
"tests" start time: May 02 14:49 MSK
Output:
----------------------------------------------------------


OK (0)
<end of output>
Test time =   0.00 sec
----------------------------------------------------------
Test Passed.
"tests" end time: May 02 14:49 MSK
"tests" time elapsed: 00:00:00
----------------------------------------------------------

End testing: May 02 14:49 MSK
