Start testing: May 23 16:03 MSK
----------------------------------------------------------
1/3 Testing: i_tals_takeAndLoadScreenshot_test
1/3 Test: i_tals_takeAndLoadScreenshot_test
Command: "/home/neon/projects/libglScreenshotHelper/build/i_tals_takeAndLoadScreenshot_test"
Directory: /home/neon/projects/libglScreenshotHelper/build
"i_tals_takeAndLoadScreenshot_test" start time: May 23 16:03 MSK
Output:
----------------------------------------------------------
.[E] I_TALS: Неверный тип скриншота: фывафвыафвыаа
[E] I_TALS: Неверный тип скриншота: jppg



OK (1 tests)


<end of output>
Test time =   0.02 sec
----------------------------------------------------------
Test Passed.
"i_tals_takeAndLoadScreenshot_test" end time: May 23 16:03 MSK
"i_tals_takeAndLoadScreenshot_test" time elapsed: 00:00:00
----------------------------------------------------------

2/3 Testing: i_tals_findCatalogUsbName_test
2/3 Test: i_tals_findCatalogUsbName_test
Command: "/home/neon/projects/libglScreenshotHelper/build/i_tals_findCatalogUsbName_test"
Directory: /home/neon/projects/libglScreenshotHelper/build
"i_tals_findCatalogUsbName_test" start time: May 23 16:03 MSK
Output:
----------------------------------------------------------
.


OK (1 tests)


<end of output>
Test time =   0.00 sec
----------------------------------------------------------
Test Passed.
"i_tals_findCatalogUsbName_test" end time: May 23 16:03 MSK
"i_tals_findCatalogUsbName_test" time elapsed: 00:00:00
----------------------------------------------------------

3/3 Testing: i_tals_create_file_name_test
3/3 Test: i_tals_create_file_name_test
Command: "/home/neon/projects/libglScreenshotHelper/build/i_tals_create_file_name_test"
Directory: /home/neon/projects/libglScreenshotHelper/build
"i_tals_create_file_name_test" start time: May 23 16:03 MSK
Output:
----------------------------------------------------------
.F


!!!FAILURES!!!
Test Results:
Run:  1   Failures: 1   Errors: 0


1) test: vniiftri::oscilloscope_gui::TestCreateFileName::test_i_tals_createFileName (F) line: 39 /home/neon/projects/libglScreenshotHelper/tests/testCreateFileName.cpp
equality assertion failed
- Expected: screenshot_23-05-23_16:03:32.jpg
- Actual  : screenshot_23-05-23_16:03:32.jpg


<end of output>
Test time =   0.00 sec
----------------------------------------------------------
Test Failed.
"i_tals_create_file_name_test" end time: May 23 16:03 MSK
"i_tals_create_file_name_test" time elapsed: 00:00:00
----------------------------------------------------------

End testing: May 23 16:03 MSK
