Start testing: May 02 13:23 MSK
----------------------------------------------------------
1/1 Testing: tals
1/1 Test: tals
Command: "/home/neon/projects/tals/build/tals"
Directory: /home/neon/projects/tals/build
"tals" start time: May 02 13:23 MSK
Output:
----------------------------------------------------------
<end of output>
Test time =   5.46 sec
----------------------------------------------------------
Test Passed.
"tals" end time: May 02 13:24 MSK
"tals" time elapsed: 00:00:05
----------------------------------------------------------

End testing: May 02 13:24 MSK
