<?xml version="1.0" encoding="UTF-8"?>
<Site BuildName="Linux-g++"
	BuildStamp="20230502-1020-Experimental"
	Name="neon-HM570"
	Generator="ctest-3.22.1"
	CompilerName="/usr/bin/g++"
	CompilerVersion="11.3.0"
	OSName="Linux"
	Hostname="neon-HM570"
	OSRelease="5.15.0-69-generic"
	OSVersion="#76-Ubuntu SMP Fri Mar 17 17:19:29 UTC 2023"
	OSPlatform="x86_64"
	Is64Bits="1"
	VendorString="GenuineIntel"
	VendorID="Intel Corporation"
	FamilyID="6"
	ModelID="141"
	ProcessorCacheSize="24576"
	NumberOfLogicalCPU="16"
	NumberOfPhysicalCPU="8"
	TotalVirtualMemory="2047"
	TotalPhysicalMemory="15775"
	LogicalProcessorsPerPhysical="2"
	ProcessorClockFrequency="4492.28"
	>
	<Testing>
		<StartDateTime>May 02 14:49 MSK</StartDateTime>
		<StartTestTime>1683028198</StartTestTime>
		<TestList>
			<Test>./libglScreenshotHelperTests/tests</Test>
		</TestList>
		<Test Status="passed">
			<Name>tests</Name>
			<Path>./libglScreenshotHelperTests</Path>
			<FullName>./libglScreenshotHelperTests/tests</FullName>
			<FullCommandLine>/home/neon/projects/tals/build/libglScreenshotHelperTests/tests</FullCommandLine>
			<Results>
				<NamedMeasurement type="numeric/double" name="Execution Time">
					<Value>0.00104054</Value>
				</NamedMeasurement>
				<NamedMeasurement type="numeric/double" name="Processors">
					<Value>1</Value>
				</NamedMeasurement>
				<NamedMeasurement type="text/string" name="Completion Status">
					<Value>Completed</Value>
				</NamedMeasurement>
				<NamedMeasurement type="text/string" name="Command Line">
					<Value>/home/neon/projects/tals/build/libglScreenshotHelperTests/tests</Value>
				</NamedMeasurement>
				<NamedMeasurement type="text/string" name="Environment">
					<Value>#CTEST_RESOURCE_GROUP_COUNT=</Value>
				</NamedMeasurement>
				<Measurement>
					<Value>

OK (0)
</Value>
				</Measurement>
			</Results>
		</Test>
		<EndDateTime>May 02 14:49 MSK</EndDateTime>
		<EndTestTime>1683028198</EndTestTime>
		<ElapsedMinutes>0</ElapsedMinutes>
	</Testing>
</Site>
