<?xml version="1.0" encoding="UTF-8"?>
<Site BuildName="(empty)"
	BuildStamp="20230523-0652-Experimental"
	Name="(empty)"
	Generator="ctest-3.22.1"
	CompilerName=""
	CompilerVersion=""
	OSName="Linux"
	Hostname="neon-HM570"
	OSRelease="5.15.0-71-generic"
	OSVersion="#78-Ubuntu SMP Tue Apr 18 09:00:29 UTC 2023"
	OSPlatform="x86_64"
	Is64Bits="1"
	VendorString="GenuineIntel"
	VendorID="Intel Corporation"
	FamilyID="6"
	ModelID="141"
	ProcessorCacheSize="24576"
	NumberOfLogicalCPU="16"
	NumberOfPhysicalCPU="8"
	TotalVirtualMemory="2047"
	TotalPhysicalMemory="15775"
	LogicalProcessorsPerPhysical="2"
	ProcessorClockFrequency="3300"
	>
	<Testing>
		<StartDateTime>May 23 17:26 MSK</StartDateTime>
		<StartTestTime>1684851983</StartTestTime>
		<TestList>
			<Test>./i_tals_create_file_name_test</Test>
		</TestList>
		<Test Status="failed">
			<Name>i_tals_create_file_name_test</Name>
			<Path>.</Path>
			<FullName>./i_tals_create_file_name_test</FullName>
			<FullCommandLine>/home/neon/projects/libglScreenshotHelper/build/i_tals_create_file_name_test</FullCommandLine>
			<Results>
				<NamedMeasurement type="text/string" name="Exit Code">
					<Value>Failed</Value>
				</NamedMeasurement>
				<NamedMeasurement type="text/string" name="Exit Value">
					<Value>1</Value>
				</NamedMeasurement>
				<NamedMeasurement type="numeric/double" name="Execution Time">
					<Value>0.00308199</Value>
				</NamedMeasurement>
				<NamedMeasurement type="numeric/double" name="Processors">
					<Value>1</Value>
				</NamedMeasurement>
				<NamedMeasurement type="text/string" name="Completion Status">
					<Value>Completed</Value>
				</NamedMeasurement>
				<NamedMeasurement type="text/string" name="Command Line">
					<Value>/home/neon/projects/libglScreenshotHelper/build/i_tals_create_file_name_test</Value>
				</NamedMeasurement>
				<NamedMeasurement type="text/string" name="Environment">
					<Value>#CTEST_RESOURCE_GROUP_COUNT=</Value>
				</NamedMeasurement>
				<Measurement>
					<Value encoding="base64" compression="gzip">eJxVjz9PwzAQxXd/istGhyRNIop0W1UlAgkxpDBbxr2mrlzb+BwE3x6nA1KWp/vz3u901SCEKIpi2L+8foz9MZfinTjBSDzbxCjG2SFAAwCDMnaOxHjv+hh9zPU2A5oNpBxC+HbGnFM0iJ61sTarDySnOU8W7CGSSjQYS2/qRohLShqZlGWpVzt4GDZgjSOEXQP1xd+oduRdHaK/kk5cW/M52WNOkeOLT89kA8V6IfJd17cqHYKgr1lZk35BMVNMxjs456foJErof0LG0gmB/5my7crtY9l2snnCdodtV13DlM17nTIJYGVeVkL8AfddcOs=</Value>
				</Measurement>
			</Results>
		</Test>
		<EndDateTime>May 23 17:26 MSK</EndDateTime>
		<EndTestTime>1684851983</EndTestTime>
		<ElapsedMinutes>0</ElapsedMinutes>
	</Testing>
</Site>
