<?xml version="1.0" encoding="UTF-8"?>
<Site BuildName="(empty)"
	BuildStamp="20230523-0652-Experimental"
	Name="(empty)"
	Generator="ctest-3.22.1"
	CompilerName=""
	CompilerVersion=""
	OSName="Linux"
	Hostname="neon-HM570"
	OSRelease="5.15.0-71-generic"
	OSVersion="#78-Ubuntu SMP Tue Apr 18 09:00:29 UTC 2023"
	OSPlatform="x86_64"
	Is64Bits="1"
	VendorString="GenuineIntel"
	VendorID="Intel Corporation"
	FamilyID="6"
	ModelID="141"
	ProcessorCacheSize="24576"
	NumberOfLogicalCPU="16"
	NumberOfPhysicalCPU="8"
	TotalVirtualMemory="2047"
	TotalPhysicalMemory="15775"
	LogicalProcessorsPerPhysical="2"
	ProcessorClockFrequency="3300"
	>
	<Testing>
		<StartDateTime>May 23 14:57 MSK</StartDateTime>
		<StartTestTime>1684843064</StartTestTime>
		<TestList>
			<Test>./i_tals_findCatalogUsbName_test</Test>
		</TestList>
		<Test Status="passed">
			<Name>i_tals_findCatalogUsbName_test</Name>
			<Path>.</Path>
			<FullName>./i_tals_findCatalogUsbName_test</FullName>
			<FullCommandLine>/home/neon/projects/libglScreenshotHelper/build/i_tals_findCatalogUsbName_test</FullCommandLine>
			<Results>
				<NamedMeasurement type="numeric/double" name="Execution Time">
					<Value>0.00320059</Value>
				</NamedMeasurement>
				<NamedMeasurement type="numeric/double" name="Processors">
					<Value>1</Value>
				</NamedMeasurement>
				<NamedMeasurement type="text/string" name="Completion Status">
					<Value>Completed</Value>
				</NamedMeasurement>
				<NamedMeasurement type="text/string" name="Command Line">
					<Value>/home/neon/projects/libglScreenshotHelper/build/i_tals_findCatalogUsbName_test</Value>
				</NamedMeasurement>
				<NamedMeasurement type="text/string" name="Environment">
					<Value>#CTEST_RESOURCE_GROUP_COUNT=</Value>
				</NamedMeasurement>
				<Measurement>
					<Value>.


OK (1 tests)


</Value>
				</Measurement>
			</Results>
		</Test>
		<EndDateTime>May 23 14:57 MSK</EndDateTime>
		<EndTestTime>1684843064</EndTestTime>
		<ElapsedMinutes>0</ElapsedMinutes>
	</Testing>
</Site>
